2025-03-24T19:52:52.461126196 - BEFORE BUBBLE SORT: {0}  :::
2025-03-24T19:52:52.500273533 - [27, 26, 0, 6, 28, 7, 29, 11, 21, 20]
2025-03-24T19:52:52.500828358 - AFTER BUBBLE SORT: {0}  :::
2025-03-24T19:52:52.500960411 - [0, 6, 7, 11, 20, 21, 26, 27, 28, 29]
2025-03-24T19:52:52.501102515 - ::: TIME SPENT spent: {0} ms ::: 
2025-03-24T19:52:52.501198711 - 135
2025-03-24T20:18:01.324493724 - BEFORE BUBBLE SORT: {0}  :::
2025-03-24T20:18:01.343680850 - [16, 9, 0, 12, 15, 21, 5, 27, 22, 8, 28, 19, 2, 4, 10, 23, 29]
2025-03-24T20:18:01.344083709 - AFTER BUBBLE SORT: {0}  :::
2025-03-24T20:18:01.344231061 - [0, 2, 4, 5, 8, 9, 10, 12, 15, 16, 19, 21, 22, 23, 27, 28, 29]
2025-03-24T20:18:01.344337604 - ::: TIME SPENT spent: {0} ms ::: 
2025-03-24T20:18:01.344412602 - 134
2025-03-24T20:19:23.111543396 - BEFORE BUBBLE SORT: :::
2025-03-24T20:19:23.144426121 - [25, 0, 2, 24, 22]
2025-03-24T20:19:23.144956543 - AFTER BUBBLE SORT: :::
2025-03-24T20:19:23.145096972 - [0, 2, 22, 24, 25]
2025-03-24T20:19:23.146320335 - ::: TIME SPENT spent: ::: 
2025-03-24T20:19:23.146485225 - 157ms
2025-03-24T20:20:01.822310958 - ::: BEFORE BUBBLE SORT: :::
2025-03-24T20:20:01.865404862 - [7, 10, 0, 27, 6, 28, 18, 20, 1, 2, 16, 11, 26, 14, 15, 21]
2025-03-24T20:20:01.866186557 - ::: AFTER BUBBLE SORT: :::
2025-03-24T20:20:01.866387097 - [0, 1, 2, 6, 7, 10, 11, 14, 15, 16, 18, 20, 21, 26, 27, 28]
2025-03-24T20:20:01.868091338 - ::: TIME SPENT spent: ::: 
2025-03-24T20:20:01.868328971 - 156ms
